[2019-02-14T16:03:28.075Z][QUERY]: START TRANSACTION
[2019-02-14T16:03:28.083Z][QUERY]: SELECT DATABASE() AS `db_name`
[2019-02-14T16:03:28.091Z][QUERY]: SELECT * FROM `INFORMATION_SCHEMA`.`TABLES` WHERE (`TABLE_SCHEMA` = 'media_db' AND `TABLE_NAME` = 'flight_route') OR (`TABLE_SCHEMA` = 'media_db' AND `TABLE_NAME` = 'users')
[2019-02-14T16:03:28.092Z][QUERY]: SELECT * FROM `INFORMATION_SCHEMA`.`COLUMNS` WHERE (`TABLE_SCHEMA` = 'media_db' AND `TABLE_NAME` = 'flight_route') OR (`TABLE_SCHEMA` = 'media_db' AND `TABLE_NAME` = 'users')
[2019-02-14T16:03:28.092Z][QUERY]: SELECT * FROM `INFORMATION_SCHEMA`.`KEY_COLUMN_USAGE` WHERE `CONSTRAINT_NAME` = 'PRIMARY' AND ((`TABLE_SCHEMA` = 'media_db' AND `TABLE_NAME` = 'flight_route') OR (`TABLE_SCHEMA` = 'media_db' AND `TABLE_NAME` = 'users'))
[2019-02-14T16:03:28.093Z][QUERY]: SELECT `SCHEMA_NAME`, `DEFAULT_CHARACTER_SET_NAME` as `CHARSET`, `DEFAULT_COLLATION_NAME` AS `COLLATION` FROM `INFORMATION_SCHEMA`.`SCHEMATA`
[2019-02-14T16:03:28.093Z][QUERY]: SELECT `s`.* FROM `INFORMATION_SCHEMA`.`STATISTICS` `s` LEFT JOIN `INFORMATION_SCHEMA`.`REFERENTIAL_CONSTRAINTS` `rc` ON `s`.`INDEX_NAME` = `rc`.`CONSTRAINT_NAME` WHERE ((`s`.`TABLE_SCHEMA` = 'media_db' AND `s`.`TABLE_NAME` = 'flight_route') OR (`s`.`TABLE_SCHEMA` = 'media_db' AND `s`.`TABLE_NAME` = 'users')) AND `s`.`INDEX_NAME` != 'PRIMARY' AND `rc`.`CONSTRAINT_NAME` IS NULL
[2019-02-14T16:03:28.093Z][QUERY]: SELECT `kcu`.`TABLE_SCHEMA`, `kcu`.`TABLE_NAME`, `kcu`.`CONSTRAINT_NAME`, `kcu`.`COLUMN_NAME`, `kcu`.`REFERENCED_TABLE_SCHEMA`, `kcu`.`REFERENCED_TABLE_NAME`, `kcu`.`REFERENCED_COLUMN_NAME`, `rc`.`DELETE_RULE` `ON_DELETE`, `rc`.`UPDATE_RULE` `ON_UPDATE` FROM `INFORMATION_SCHEMA`.`KEY_COLUMN_USAGE` `kcu` INNER JOIN `INFORMATION_SCHEMA`.`REFERENTIAL_CONSTRAINTS` `rc` ON `rc`.`constraint_name` = `kcu`.`constraint_name` WHERE (`kcu`.`TABLE_SCHEMA` = 'media_db' AND `kcu`.`TABLE_NAME` = 'flight_route') OR (`kcu`.`TABLE_SCHEMA` = 'media_db' AND `kcu`.`TABLE_NAME` = 'users')
[2019-02-14T16:03:28.169Z][QUERY]: COMMIT
[2019-02-14T16:03:28.190Z][QUERY]: START TRANSACTION
[2019-02-14T16:03:28.202Z][QUERY]: INSERT INTO `users`(`id`, `userName`, `avatar`, `nickName`, `create_time`, `update_time`, `status`) VALUES (DEFAULT, ?, DEFAULT, DEFAULT, DEFAULT, DEFAULT, DEFAULT) -- PARAMETERS: ["root77"]
[2019-02-14T16:03:28.214Z][QUERY]: SELECT `User`.`id` AS `User_id`, `User`.`avatar` AS `User_avatar`, `User`.`nickName` AS `User_nickName`, `User`.`create_time` AS `User_create_time`, `User`.`update_time` AS `User_update_time`, `User`.`status` AS `User_status` FROM `users` `User` WHERE `User`.`id` = ? -- PARAMETERS: [5]
[2019-02-14T16:03:28.224Z][QUERY]: COMMIT
[2019-02-14T16:07:23.545Z][QUERY]: START TRANSACTION
[2019-02-14T16:07:23.557Z][QUERY]: SELECT DATABASE() AS `db_name`
[2019-02-14T16:07:23.570Z][QUERY]: SELECT * FROM `INFORMATION_SCHEMA`.`TABLES` WHERE (`TABLE_SCHEMA` = 'media_db' AND `TABLE_NAME` = 'flight_route') OR (`TABLE_SCHEMA` = 'media_db' AND `TABLE_NAME` = 'users')
[2019-02-14T16:07:23.570Z][QUERY]: SELECT * FROM `INFORMATION_SCHEMA`.`COLUMNS` WHERE (`TABLE_SCHEMA` = 'media_db' AND `TABLE_NAME` = 'flight_route') OR (`TABLE_SCHEMA` = 'media_db' AND `TABLE_NAME` = 'users')
[2019-02-14T16:07:23.571Z][QUERY]: SELECT * FROM `INFORMATION_SCHEMA`.`KEY_COLUMN_USAGE` WHERE `CONSTRAINT_NAME` = 'PRIMARY' AND ((`TABLE_SCHEMA` = 'media_db' AND `TABLE_NAME` = 'flight_route') OR (`TABLE_SCHEMA` = 'media_db' AND `TABLE_NAME` = 'users'))
[2019-02-14T16:07:23.571Z][QUERY]: SELECT `SCHEMA_NAME`, `DEFAULT_CHARACTER_SET_NAME` as `CHARSET`, `DEFAULT_COLLATION_NAME` AS `COLLATION` FROM `INFORMATION_SCHEMA`.`SCHEMATA`
[2019-02-14T16:07:23.571Z][QUERY]: SELECT `s`.* FROM `INFORMATION_SCHEMA`.`STATISTICS` `s` LEFT JOIN `INFORMATION_SCHEMA`.`REFERENTIAL_CONSTRAINTS` `rc` ON `s`.`INDEX_NAME` = `rc`.`CONSTRAINT_NAME` WHERE ((`s`.`TABLE_SCHEMA` = 'media_db' AND `s`.`TABLE_NAME` = 'flight_route') OR (`s`.`TABLE_SCHEMA` = 'media_db' AND `s`.`TABLE_NAME` = 'users')) AND `s`.`INDEX_NAME` != 'PRIMARY' AND `rc`.`CONSTRAINT_NAME` IS NULL
[2019-02-14T16:07:23.571Z][QUERY]: SELECT `kcu`.`TABLE_SCHEMA`, `kcu`.`TABLE_NAME`, `kcu`.`CONSTRAINT_NAME`, `kcu`.`COLUMN_NAME`, `kcu`.`REFERENCED_TABLE_SCHEMA`, `kcu`.`REFERENCED_TABLE_NAME`, `kcu`.`REFERENCED_COLUMN_NAME`, `rc`.`DELETE_RULE` `ON_DELETE`, `rc`.`UPDATE_RULE` `ON_UPDATE` FROM `INFORMATION_SCHEMA`.`KEY_COLUMN_USAGE` `kcu` INNER JOIN `INFORMATION_SCHEMA`.`REFERENTIAL_CONSTRAINTS` `rc` ON `rc`.`constraint_name` = `kcu`.`constraint_name` WHERE (`kcu`.`TABLE_SCHEMA` = 'media_db' AND `kcu`.`TABLE_NAME` = 'flight_route') OR (`kcu`.`TABLE_SCHEMA` = 'media_db' AND `kcu`.`TABLE_NAME` = 'users')
[2019-02-14T16:07:23.669Z][QUERY]: ALTER TABLE `users` CHANGE `nickName` `nickName` varchar(50) NOT NULL COMMENT '昵称' DEFAULT 'root'
[2019-02-14T16:07:23.692Z][QUERY]: COMMIT
[2019-02-14T16:07:23.721Z][QUERY]: START TRANSACTION
[2019-02-14T16:07:23.736Z][QUERY]: INSERT INTO `users`(`id`, `userName`, `avatar`, `nickName`, `create_time`, `update_time`, `status`) VALUES (DEFAULT, ?, DEFAULT, DEFAULT, DEFAULT, DEFAULT, DEFAULT) -- PARAMETERS: ["root35"]
[2019-02-14T16:07:23.753Z][QUERY]: SELECT `User`.`id` AS `User_id`, `User`.`avatar` AS `User_avatar`, `User`.`nickName` AS `User_nickName`, `User`.`create_time` AS `User_create_time`, `User`.`update_time` AS `User_update_time`, `User`.`status` AS `User_status` FROM `users` `User` WHERE `User`.`id` = ? -- PARAMETERS: [7]
[2019-02-14T16:07:23.767Z][QUERY]: COMMIT
